#
# There is insufficient memory for the Java Runtime Environment to continue.
# Native memory allocation (malloc) failed to allocate 32744 bytes for ChunkPool::allocate
# Possible reasons:
#   The system is out of physical RAM or swap space
#   The process is running with CompressedOops enabled, and the Java Heap may be blocking the growth of the native heap
# Possible solutions:
#   Reduce memory load on the system
#   Increase physical memory or swap space
#   Check if swap backing store is full
#   Decrease Java heap size (-Xmx/-Xms)
#   Decrease number of Java threads
#   Decrease Java thread stack sizes (-Xss)
#   Set larger code cache with -XX:ReservedCodeCacheSize=
#   JVM is running with Unscaled Compressed Oops mode in which the Java heap is
#     placed in the first 4GB address space. The Java Heap base address is the
#     maximum limit for the native heap growth. Please use -XX:HeapBaseMinAddress
#     to set the Java Heap base and to place the Java Heap above 4GB virtual address.
# This output file may be truncated or incomplete.
#
#  Out of Memory Error (allocation.cpp:272), pid=14628, tid=0x0000000000003cac
#
# JRE version: OpenJDK Runtime Environment (8.0_202-b03) (build 1.8.0_202-release-1483-b03)
# Java VM: OpenJDK 64-Bit Server VM (25.202-b03 mixed mode windows-amd64 compressed oops)
# Failed to write core dump. Minidumps are not enabled by default on client versions of Windows
#

---------------  T H R E A D  ---------------

Current thread (0x000000001651c800):  JavaThread "C2 CompilerThread0" daemon [_thread_in_native, id=15532, stack(0x0000000017b90000,0x0000000017c90000)]

Stack: [0x0000000017b90000,0x0000000017c90000]
[error occurred during error reporting (printing stack bounds), id 0xc0000005]

Native frames: (J=compiled Java code, j=interpreted, Vv=VM code, C=native code)


Current CompileTask:
C2:   7477 1463       4       java.util.jar.JarFile::maybeInstantiateVerifier (96 bytes)


---------------  P R O C E S S  ---------------

Java Threads: ( => current thread )
  0x000000001914f000 JavaThread "Cache worker for journal cache (C:\Users\tehri\.gradle\caches\journal-1)" [_thread_blocked, id=2584, stack(0x000000001b2e0000,0x000000001b3e0000)]
  0x0000000019148800 JavaThread "File lock request listener" [_thread_in_native, id=14404, stack(0x000000001afe0000,0x000000001b0e0000)]
  0x000000001914b800 JavaThread "Cache worker for file hash cache (C:\Users\tehri\.gradle\caches\5.4.1\fileHashes)" [_thread_blocked, id=14560, stack(0x000000001aee0000,0x000000001afe0000)]
  0x0000000018ab2800 JavaThread "Thread-9" [_thread_blocked, id=8828, stack(0x000000001ade0000,0x000000001aee0000)]
  0x00000000180c0000 JavaThread "Stdin handler" [_thread_blocked, id=12412, stack(0x000000001ace0000,0x000000001ade0000)]
  0x00000000180bb000 JavaThread "Asynchronous log dispatcher for DefaultDaemonConnection: socket connection from /127.0.0.1:62451 to /127.0.0.1:62452" [_thread_blocked, id=7544, stack(0x000000001abe0000,0x000000001ace0000)]
  0x000000001895c800 JavaThread "Daemon worker" [_thread_in_native, id=16368, stack(0x000000001aae0000,0x000000001abe0000)]
  0x000000001895b000 JavaThread "Cancel handler" [_thread_blocked, id=13368, stack(0x000000001a9e0000,0x000000001aae0000)]
  0x00000000188f1000 JavaThread "Handler for socket connection from /127.0.0.1:62451 to /127.0.0.1:62452" [_thread_in_native, id=12860, stack(0x000000001a6e0000,0x000000001a7e0000)]
  0x000000001884c800 JavaThread "Daemon" [_thread_blocked, id=3904, stack(0x000000001a5e0000,0x000000001a6e0000)]
  0x0000000017f4f000 JavaThread "Daemon periodic checks" [_thread_blocked, id=6848, stack(0x000000001a4e0000,0x000000001a5e0000)]
  0x0000000017f4e000 JavaThread "Incoming local TCP Connector on port 62451" [_thread_in_native, id=10124, stack(0x000000001a2a0000,0x000000001a3a0000)]
  0x0000000019260800 JavaThread "Daemon health stats" [_thread_blocked, id=2292, stack(0x0000000019c60000,0x0000000019d60000)]
  0x0000000017eaf000 JavaThread "Service Thread" daemon [_thread_blocked, id=6048, stack(0x0000000018290000,0x0000000018390000)]
  0x0000000016528800 JavaThread "C1 CompilerThread2" daemon [_thread_blocked, id=11652, stack(0x0000000017d90000,0x0000000017e90000)]
  0x000000001651f800 JavaThread "C2 CompilerThread1" daemon [_thread_in_native, id=13904, stack(0x0000000017c90000,0x0000000017d90000)]
=>0x000000001651c800 JavaThread "C2 CompilerThread0" daemon [_thread_in_native, id=15532, stack(0x0000000017b90000,0x0000000017c90000)]
  0x0000000016526800 JavaThread "Attach Listener" daemon [_thread_blocked, id=14400, stack(0x0000000017a90000,0x0000000017b90000)]
  0x0000000016525000 JavaThread "Signal Dispatcher" daemon [_thread_blocked, id=4524, stack(0x0000000017990000,0x0000000017a90000)]
  0x0000000002bab000 JavaThread "Finalizer" daemon [_thread_blocked, id=364, stack(0x0000000017790000,0x0000000017890000)]
  0x0000000016509000 JavaThread "Reference Handler" daemon [_thread_blocked, id=3512, stack(0x0000000017690000,0x0000000017790000)]
  0x0000000002aae800 JavaThread "main" [_thread_blocked, id=6152, stack(0x00000000028f0000,0x00000000029f0000)]

Other Threads:
  0x00000000164e6000 VMThread [stack: 0x0000000017590000,0x0000000017690000] [id=8924]
  0x0000000017ed1800 WatcherThread [stack: 0x0000000018390000,0x0000000018490000] [id=12732]

VM state:not at safepoint (normal execution)

VM Mutex/Monitor currently owned by a thread: None

heap address: 0x00000000a0000000, size: 1536 MB, Compressed Oops mode: 32-bit
Narrow klass base: 0x0000000000000000, Narrow klass shift: 3
Compressed class space size: 1073741824 Address: 0x0000000100000000

Heap:
 PSYoungGen      total 38400K, used 12278K [0x00000000e0000000, 0x00000000e2a80000, 0x0000000100000000)
  eden space 33280K, 21% used [0x00000000e0000000,0x00000000e06ff2b0,0x00000000e2080000)
  from space 5120K, 99% used [0x00000000e2080000,0x00000000e257e620,0x00000000e2580000)
  to   space 5120K, 0% used [0x00000000e2580000,0x00000000e2580000,0x00000000e2a80000)
 ParOldGen       total 87552K, used 1845K [0x00000000a0000000, 0x00000000a5580000, 0x00000000e0000000)
  object space 87552K, 2% used [0x00000000a0000000,0x00000000a01cd430,0x00000000a5580000)
 Metaspace       used 14108K, capacity 14492K, committed 14720K, reserved 1062912K
  class space    used 1952K, capacity 2062K, committed 2176K, reserved 1048576K

Card table byte_map: [0x0000000011f70000,0x0000000012280000] byte_map_base: 0x0000000011a70000

Marking Bits: (ParMarkBitMap*) 0x000000005a2b9f30
 Begin Bits: [0x0000000012880000, 0x0000000014080000)
 End Bits:   [0x0000000014080000, 0x0000000015880000)

Polling page: 0x0000000002840000

CodeCache: size=245760Kb used=5142Kb max_used=5154Kb free=240617Kb
 bounds [0x0000000002bb0000, 0x00000000030c0000, 0x0000000011bb0000]
 total_blobs=1841 nmethods=1461 adapters=293
 compilation: enabled

Compilation events (10 events):
Event: 7.424 Thread 0x0000000016528800 1458       1       java.net.InetAddress::holder (5 bytes)
Event: 7.424 Thread 0x0000000016528800 nmethod 1458 0x00000000030b4490 code [0x00000000030b45e0, 0x00000000030b46f0]
Event: 7.440 Thread 0x0000000016528800 1459       3       com.google.common.base.Preconditions::checkElementIndex (8 bytes)
Event: 7.440 Thread 0x0000000016528800 nmethod 1459 0x00000000030b5910 code [0x00000000030b5aa0, 0x00000000030b5d98]
Event: 7.440 Thread 0x0000000016528800 1460       3       com.google.common.base.Preconditions::checkElementIndex (25 bytes)
Event: 7.441 Thread 0x0000000016528800 nmethod 1460 0x00000000030b5410 code [0x00000000030b5580, 0x00000000030b5818]
Event: 7.448 Thread 0x000000001651c800 1461   !   4       java.net.URLClassLoader::findClass (47 bytes)
Event: 7.449 Thread 0x000000001651f800 1462   !   4       java.net.URLClassLoader$1::run (63 bytes)
Event: 7.451 Thread 0x000000001651c800 nmethod 1461 0x00000000030b7350 code [0x00000000030b74e0, 0x00000000030b76d8]
Event: 7.474 Thread 0x000000001651c800 1463       4       java.util.jar.JarFile::maybeInstantiateVerifier (96 bytes)

GC Heap History (6 events):
Event: 2.261 GC heap before
{Heap before GC invocations=1 (full 0):
 PSYoungGen      total 38400K, used 33280K [0x00000000e0000000, 0x00000000e2a80000, 0x0000000100000000)
  eden space 33280K, 100% used [0x00000000e0000000,0x00000000e2080000,0x00000000e2080000)
  from space 5120K, 0% used [0x00000000e2580000,0x00000000e2580000,0x00000000e2a80000)
  to   space 5120K, 0% used [0x00000000e2080000,0x00000000e2080000,0x00000000e2580000)
 ParOldGen       total 87552K, used 0K [0x00000000a0000000, 0x00000000a5580000, 0x00000000e0000000)
  object space 87552K, 0% used [0x00000000a0000000,0x00000000a0000000,0x00000000a5580000)
 Metaspace       used 6653K, capacity 6860K, committed 7040K, reserved 1056768K
  class space    used 811K, capacity 844K, committed 896K, reserved 1048576K
Event: 2.270 GC heap after
Heap after GC invocations=1 (full 0):
 PSYoungGen      total 38400K, used 4123K [0x00000000e0000000, 0x00000000e2a80000, 0x0000000100000000)
  eden space 33280K, 0% used [0x00000000e0000000,0x00000000e0000000,0x00000000e2080000)
  from space 5120K, 80% used [0x00000000e2080000,0x00000000e2486cb0,0x00000000e2580000)
  to   space 5120K, 0% used [0x00000000e2580000,0x00000000e2580000,0x00000000e2a80000)
 ParOldGen       total 87552K, used 8K [0x00000000a0000000, 0x00000000a5580000, 0x00000000e0000000)
  object space 87552K, 0% used [0x00000000a0000000,0x00000000a0002000,0x00000000a5580000)
 Metaspace       used 6653K, capacity 6860K, committed 7040K, reserved 1056768K
  class space    used 811K, capacity 844K, committed 896K, reserved 1048576K
}
Event: 3.533 GC heap before
{Heap before GC invocations=2 (full 0):
 PSYoungGen      total 38400K, used 37403K [0x00000000e0000000, 0x00000000e2a80000, 0x0000000100000000)
  eden space 33280K, 100% used [0x00000000e0000000,0x00000000e2080000,0x00000000e2080000)
  from space 5120K, 80% used [0x00000000e2080000,0x00000000e2486cb0,0x00000000e2580000)
  to   space 5120K, 0% used [0x00000000e2580000,0x00000000e2580000,0x00000000e2a80000)
 ParOldGen       total 87552K, used 8K [0x00000000a0000000, 0x00000000a5580000, 0x00000000e0000000)
  object space 87552K, 0% used [0x00000000a0000000,0x00000000a0002000,0x00000000a5580000)
 Metaspace       used 8982K, capacity 9200K, committed 9472K, reserved 1056768K
  class space    used 1171K, capacity 1258K, committed 1280K, reserved 1048576K
Event: 3.552 GC heap after
Heap after GC invocations=2 (full 0):
 PSYoungGen      total 38400K, used 4513K [0x00000000e0000000, 0x00000000e2a80000, 0x0000000100000000)
  eden space 33280K, 0% used [0x00000000e0000000,0x00000000e0000000,0x00000000e2080000)
  from space 5120K, 88% used [0x00000000e2580000,0x00000000e29e85a8,0x00000000e2a80000)
  to   space 5120K, 0% used [0x00000000e2080000,0x00000000e2080000,0x00000000e2580000)
 ParOldGen       total 87552K, used 16K [0x00000000a0000000, 0x00000000a5580000, 0x00000000e0000000)
  object space 87552K, 0% used [0x00000000a0000000,0x00000000a0004000,0x00000000a5580000)
 Metaspace       used 8982K, capacity 9200K, committed 9472K, reserved 1056768K
  class space    used 1171K, capacity 1258K, committed 1280K, reserved 1048576K
}
Event: 7.160 GC heap before
{Heap before GC invocations=3 (full 0):
 PSYoungGen      total 38400K, used 37793K [0x00000000e0000000, 0x00000000e2a80000, 0x0000000100000000)
  eden space 33280K, 100% used [0x00000000e0000000,0x00000000e2080000,0x00000000e2080000)
  from space 5120K, 88% used [0x00000000e2580000,0x00000000e29e85a8,0x00000000e2a80000)
  to   space 5120K, 0% used [0x00000000e2080000,0x00000000e2080000,0x00000000e2580000)
 ParOldGen       total 87552K, used 16K [0x00000000a0000000, 0x00000000a5580000, 0x00000000e0000000)
  object space 87552K, 0% used [0x00000000a0000000,0x00000000a0004000,0x00000000a5580000)
 Metaspace       used 13373K, capacity 13692K, committed 13824K, reserved 1060864K
  class space    used 1839K, capacity 1966K, committed 2048K, reserved 1048576K
Event: 7.180 GC heap after
Heap after GC invocations=3 (full 0):
 PSYoungGen      total 38400K, used 5113K [0x00000000e0000000, 0x00000000e2a80000, 0x0000000100000000)
  eden space 33280K, 0% used [0x00000000e0000000,0x00000000e0000000,0x00000000e2080000)
  from space 5120K, 99% used [0x00000000e2080000,0x00000000e257e620,0x00000000e2580000)
  to   space 5120K, 0% used [0x00000000e2580000,0x00000000e2580000,0x00000000e2a80000)
 ParOldGen       total 87552K, used 1845K [0x00000000a0000000, 0x00000000a5580000, 0x00000000e0000000)
  object space 87552K, 2% used [0x00000000a0000000,0x00000000a01cd430,0x00000000a5580000)
 Metaspace       used 13373K, capacity 13692K, committed 13824K, reserved 1060864K
  class space    used 1839K, capacity 1966K, committed 2048K, reserved 1048576K
}

Deoptimization events (10 events):
Event: 4.489 Thread 0x0000000002aae800 Uncommon trap: reason=unstable_if action=reinterpret pc=0x0000000002e7c360 method=java.io.WinNTFileSystem.normalize(Ljava/lang/String;)Ljava/lang/String; @ 128
Event: 4.489 Thread 0x0000000002aae800 Uncommon trap: reason=unstable_if action=reinterpret pc=0x0000000002f00520 method=java.io.WinNTFileSystem.normalize(Ljava/lang/String;II)Ljava/lang/String; @ 90
Event: 5.738 Thread 0x00000000188f1000 Uncommon trap: reason=unstable_if action=reinterpret pc=0x0000000002f7d2ac method=java.util.concurrent.ConcurrentHashMap.putVal(Ljava/lang/Object;Ljava/lang/Object;Z)Ljava/lang/Object; @ 206
Event: 6.023 Thread 0x000000001895c800 Uncommon trap: reason=bimorphic action=maybe_recompile pc=0x0000000002e52a44 method=java.util.HashMap.putVal(ILjava/lang/Object;Ljava/lang/Object;ZZ)Ljava/lang/Object; @ 253
Event: 6.023 Thread 0x000000001895c800 Uncommon trap: reason=bimorphic action=maybe_recompile pc=0x0000000002e52a44 method=java.util.HashMap.putVal(ILjava/lang/Object;Ljava/lang/Object;ZZ)Ljava/lang/Object; @ 253
Event: 6.024 Thread 0x000000001895c800 Uncommon trap: reason=bimorphic action=maybe_recompile pc=0x0000000002e52a44 method=java.util.HashMap.putVal(ILjava/lang/Object;Ljava/lang/Object;ZZ)Ljava/lang/Object; @ 253
Event: 7.197 Thread 0x000000001895c800 Uncommon trap: reason=class_check action=maybe_recompile pc=0x0000000002e90e18 method=java.util.regex.Matcher.match(II)Z @ 86
Event: 7.247 Thread 0x000000001895c800 Uncommon trap: reason=class_check action=maybe_recompile pc=0x0000000002e90e18 method=java.util.regex.Matcher.match(II)Z @ 86
Event: 7.248 Thread 0x000000001895c800 Uncommon trap: reason=class_check action=maybe_recompile pc=0x0000000002e90e18 method=java.util.regex.Matcher.match(II)Z @ 86
Event: 7.248 Thread 0x000000001895c800 Uncommon trap: reason=class_check action=maybe_recompile pc=0x0000000002e4d19c method=java.util.regex.Matcher.match(II)Z @ 86

Classes redefined (0 events):
No events

Internal exceptions (10 events):
Event: 5.753 Thread 0x00000000188f1000 Exception <a 'java/lang/NoSuchMethodError': <clinit>> (0x00000000e0a8b858) thrown at [D:\src\AOSP-openjdk-cygwin\jdk8u\hotspot\src\share\vm\prims\jni.cpp, line 1614]
Event: 5.771 Thread 0x00000000188f1000 Exception <a 'java/lang/NoSuchMethodError': <clinit>> (0x00000000e0a9ea30) thrown at [D:\src\AOSP-openjdk-cygwin\jdk8u\hotspot\src\share\vm\prims\jni.cpp, line 1614]
Event: 5.792 Thread 0x00000000188f1000 Exception <a 'java/lang/NoSuchMethodError': <clinit>> (0x00000000e0ac5de0) thrown at [D:\src\AOSP-openjdk-cygwin\jdk8u\hotspot\src\share\vm\prims\jni.cpp, line 1614]
Event: 5.801 Thread 0x00000000188f1000 Exception <a 'java/lang/NoSuchMethodError': <clinit>> (0x00000000e0adde28) thrown at [D:\src\AOSP-openjdk-cygwin\jdk8u\hotspot\src\share\vm\prims\jni.cpp, line 1614]
Event: 5.805 Thread 0x00000000188f1000 Exception <a 'java/lang/NoSuchMethodError': <clinit>> (0x00000000e0ae6ab8) thrown at [D:\src\AOSP-openjdk-cygwin\jdk8u\hotspot\src\share\vm\prims\jni.cpp, line 1614]
Event: 5.810 Thread 0x00000000188f1000 Exception <a 'java/lang/NoSuchMethodError': <clinit>> (0x00000000e0afd0f0) thrown at [D:\src\AOSP-openjdk-cygwin\jdk8u\hotspot\src\share\vm\prims\jni.cpp, line 1614]
Event: 5.859 Thread 0x00000000188f1000 Exception <a 'java/lang/NoSuchMethodError': <clinit>> (0x00000000e0b5a870) thrown at [D:\src\AOSP-openjdk-cygwin\jdk8u\hotspot\src\share\vm\prims\jni.cpp, line 1614]
Event: 5.888 Thread 0x00000000188f1000 Exception <a 'java/lang/NoSuchMethodError': <clinit>> (0x00000000e0b87520) thrown at [D:\src\AOSP-openjdk-cygwin\jdk8u\hotspot\src\share\vm\prims\jni.cpp, line 1614]
Event: 5.900 Thread 0x00000000188f1000 Exception <a 'java/lang/NoSuchMethodError': <clinit>> (0x00000000e0bb5620) thrown at [D:\src\AOSP-openjdk-cygwin\jdk8u\hotspot\src\share\vm\prims\jni.cpp, line 1614]
Event: 5.902 Thread 0x00000000188f1000 Exception <a 'java/lang/NoSuchMethodError': <clinit>> (0x00000000e0bc0a28) thrown at [D:\src\AOSP-openjdk-cygwin\jdk8u\hotspot\src\share\vm\prims\jni.cpp, line 1614]

Events (10 events):
Event: 7.472 loading class org/gradle/groovy/scripts/internal/ScriptClassCompiler
Event: 7.472 loading class org/gradle/groovy/scripts/internal/ScriptClassCompiler done
Event: 7.472 loading class org/gradle/groovy/scripts/internal/ScriptRunnerFactory
Event: 7.472 loading class org/gradle/groovy/scripts/internal/ScriptRunnerFactory done
Event: 7.473 loading class org/gradle/groovy/scripts/ScriptCompilerFactory
Event: 7.473 loading class org/gradle/groovy/scripts/ScriptCompilerFactory done
Event: 7.473 loading class org/gradle/api/internal/initialization/ScriptHandlerFactory
Event: 7.473 loading class org/gradle/api/internal/initialization/ScriptHandlerFactory done
Event: 7.474 loading class org/gradle/configuration/BuildConfigurer
Event: 7.474 loading class org/gradle/configuration/BuildConfigurer done


Dynamic libraries:
0x00007ff6800e0000 - 0x00007ff680111000 	C:\Program Files\Android\Android Studio\jre\bin\java.exe
0x00007fff2d9a0000 - 0x00007fff2db8d000 	C:\WINDOWS\SYSTEM32\ntdll.dll
0x00007fff2c7e0000 - 0x00007fff2c893000 	C:\WINDOWS\System32\KERNEL32.DLL
0x00007fff29b10000 - 0x00007fff29da3000 	C:\WINDOWS\System32\KERNELBASE.dll
0x00007fff2ae50000 - 0x00007fff2aef3000 	C:\WINDOWS\System32\ADVAPI32.dll
0x00007fff2d410000 - 0x00007fff2d4ae000 	C:\WINDOWS\System32\msvcrt.dll
0x00007fff2d370000 - 0x00007fff2d40e000 	C:\WINDOWS\System32\sechost.dll
0x00007fff2c8a0000 - 0x00007fff2c9c2000 	C:\WINDOWS\System32\RPCRT4.dll
0x00007fff2ca70000 - 0x00007fff2cc07000 	C:\WINDOWS\System32\USER32.dll
0x00007fff29db0000 - 0x00007fff29dd0000 	C:\WINDOWS\System32\win32u.dll
0x00007fff2ca40000 - 0x00007fff2ca69000 	C:\WINDOWS\System32\GDI32.dll
0x00007fff2a350000 - 0x00007fff2a4e9000 	C:\WINDOWS\System32\gdi32full.dll
0x00007fff2a110000 - 0x00007fff2a1b0000 	C:\WINDOWS\System32\msvcp_win.dll
0x00007fff2a1b0000 - 0x00007fff2a2aa000 	C:\WINDOWS\System32\ucrtbase.dll
0x00007fff17d20000 - 0x00007fff17f99000 	C:\WINDOWS\WinSxS\amd64_microsoft.windows.common-controls_6595b64144ccf1df_6.0.17763.1098_none_de762ed45346ee8a\COMCTL32.dll
0x00007fff2d640000 - 0x00007fff2d96c000 	C:\WINDOWS\System32\combase.dll
0x00007fff2a2d0000 - 0x00007fff2a34e000 	C:\WINDOWS\System32\bcryptPrimitives.dll
0x00007fff2d610000 - 0x00007fff2d63e000 	C:\WINDOWS\System32\IMM32.DLL
0x0000000059930000 - 0x0000000059a02000 	C:\Program Files\Android\Android Studio\jre\jre\bin\msvcr100.dll
0x0000000059af0000 - 0x000000005a336000 	C:\Program Files\Android\Android Studio\jre\jre\bin\server\jvm.dll
0x00007fff2c680000 - 0x00007fff2c688000 	C:\WINDOWS\System32\PSAPI.DLL
0x00007fff26500000 - 0x00007fff26509000 	C:\WINDOWS\SYSTEM32\WSOCK32.dll
0x00007fff2c9d0000 - 0x00007fff2ca3d000 	C:\WINDOWS\System32\WS2_32.dll
0x00007fff266b0000 - 0x00007fff266d4000 	C:\WINDOWS\SYSTEM32\WINMM.dll
0x00007fff1aec0000 - 0x00007fff1aeca000 	C:\WINDOWS\SYSTEM32\VERSION.dll
0x00007fff26680000 - 0x00007fff266ad000 	C:\WINDOWS\SYSTEM32\winmmbase.dll
0x00007fff29dd0000 - 0x00007fff29e1a000 	C:\WINDOWS\System32\cfgmgr32.dll
0x00007fff26200000 - 0x00007fff2620f000 	C:\Program Files\Android\Android Studio\jre\jre\bin\verify.dll
0x00007fff261d0000 - 0x00007fff261f9000 	C:\Program Files\Android\Android Studio\jre\jre\bin\java.dll
0x00007fff23e80000 - 0x00007fff23e96000 	C:\Program Files\Android\Android Studio\jre\jre\bin\zip.dll
0x00007fff2afb0000 - 0x00007fff2c4a4000 	C:\WINDOWS\System32\SHELL32.dll
0x00007fff2af00000 - 0x00007fff2afa8000 	C:\WINDOWS\System32\shcore.dll
0x00007fff2a4f0000 - 0x00007fff2ac3d000 	C:\WINDOWS\System32\windows.storage.dll
0x00007fff29a30000 - 0x00007fff29a54000 	C:\WINDOWS\System32\profapi.dll
0x00007fff29a80000 - 0x00007fff29add000 	C:\WINDOWS\System32\powrprof.dll
0x00007fff2c780000 - 0x00007fff2c7d2000 	C:\WINDOWS\System32\shlwapi.dll
0x00007fff29a10000 - 0x00007fff29a21000 	C:\WINDOWS\System32\kernel.appcore.dll
0x00007fff2a2b0000 - 0x00007fff2a2c7000 	C:\WINDOWS\System32\cryptsp.dll
0x00007fff23e60000 - 0x00007fff23e7a000 	C:\Program Files\Android\Android Studio\jre\jre\bin\net.dll
0x00007fff29220000 - 0x00007fff29287000 	C:\WINDOWS\system32\mswsock.dll
0x00007fff23e40000 - 0x00007fff23e51000 	C:\Program Files\Android\Android Studio\jre\jre\bin\nio.dll
0x00007fff1fcc0000 - 0x00007fff1fce6000 	C:\Users\tehri\.gradle\native\29\windows-amd64\native-platform.dll
0x00007fff261c0000 - 0x00007fff261cd000 	C:\Program Files\Android\Android Studio\jre\jre\bin\management.dll
0x00007fff28da0000 - 0x00007fff28dd3000 	C:\WINDOWS\system32\rsaenh.dll
0x00007fff29ae0000 - 0x00007fff29b06000 	C:\WINDOWS\System32\bcrypt.dll
0x00007fff29910000 - 0x00007fff29938000 	C:\WINDOWS\SYSTEM32\USERENV.dll
0x00007fff293f0000 - 0x00007fff293fc000 	C:\WINDOWS\SYSTEM32\CRYPTBASE.dll
0x00007fff28f40000 - 0x00007fff28f7d000 	C:\WINDOWS\SYSTEM32\IPHLPAPI.DLL
0x00007fff2d2b0000 - 0x00007fff2d2b8000 	C:\WINDOWS\System32\NSI.dll
0x00007fff20da0000 - 0x00007fff20db6000 	C:\WINDOWS\SYSTEM32\dhcpcsvc6.DLL
0x00007fff20de0000 - 0x00007fff20dfc000 	C:\WINDOWS\SYSTEM32\dhcpcsvc.DLL
0x00007fff28f80000 - 0x00007fff29046000 	C:\WINDOWS\SYSTEM32\DNSAPI.dll

VM Arguments:
jvm_args: -Xmx1536m -Dfile.encoding=windows-1252 -Duser.country=US -Duser.language=en -Duser.variant 
java_command: org.gradle.launcher.daemon.bootstrap.GradleDaemon 5.4.1
java_class_path (initial): C:\Users\tehri\.gradle\wrapper\dists\gradle-5.4.1-all\3221gyojl5jsh0helicew7rwx\gradle-5.4.1\lib\gradle-launcher-5.4.1.jar
Launcher Type: SUN_STANDARD

Environment Variables:
JAVA_HOME=C:\Program Files\Java\jdk1.8.0_77
PATH=C:\Program Files (x86)\Intel\iCLS Client\;C:\Program Files\Intel\iCLS Client\;C:\WINDOWS\system32;C:\WINDOWS;C:\WINDOWS\System32\Wbem;C:\WINDOWS\System32\WindowsPowerShell\v1.0\;C:\Program Files (x86)\Intel\Intel(R) Management Engine Components\DAL;C:\Program Files\Intel\Intel(R) Management Engine Components\DAL;C:\Program Files (x86)\Intel\Intel(R) Management Engine Components\IPT;C:\Program Files\Intel\Intel(R) Management Engine Components\IPT;C:\WINDOWS\System32\OpenSSH\;C:\Program Files\nodejs\;D:\Professional\Android\sdk\platform-tools;C:\Program Files\Java\jdk1.8.0_77;C:\Program Files\Git\cmd;C:\Users\tehri\AppData\Local\Programs\Python\Python38-32\Scripts\;C:\Users\tehri\AppData\Local\Programs\Python\Python38-32\;C:\Users\tehri\AppData\Local\Microsoft\WindowsApps;C:\Users\tehri\AppData\Roaming\npm;C:\Users\tehri\AppData\Local\GitHubDesktop\bin
USERNAME=tehri
OS=Windows_NT
PROCESSOR_IDENTIFIER=Intel64 Family 6 Model 58 Stepping 9, GenuineIntel



---------------  S Y S T E M  ---------------

OS: Windows 10.0 , 64 bit Build 17763 (10.0.17763.475)

CPU:total 4 (initial active 4) (2 cores per cpu, 2 threads per core) family 6 model 58 stepping 9, cmov, cx8, fxsr, mmx, sse, sse2, sse3, ssse3, sse4.1, sse4.2, popcnt, avx, aes, clmul, erms, ht, tsc, tscinvbit, tscinv

Memory: 4k page, physical 8269892k(428128k free), swap 18389528k(4044k free)

vm_info: OpenJDK 64-Bit Server VM (25.202-b03) for windows-amd64 JRE (1.8.0_202-release-1483-b03), built by "builder" with MS VC++ 10.0 (VS2010)

time: Thu Apr 09 03:00:58 2020
timezone: Pakistan Standard Time
elapsed time: 7 seconds (0d 0h 0m 7s)

